{"log.level":"DEBUG","@timestamp":"2023-02-21T13:17:03.297+0700","message":"Migrate successfully."}
{"log.level":"INFO","@timestamp":"2023-02-21T13:17:03.299+0700","message":"Starting server: place-service with Insecure, and listen at port: 80"}
{"log.level":"INFO","@timestamp":"2023-02-21T13:17:06.230+0700","message":"Server is shuting down"}
{"log.level":"ERROR","@timestamp":"2023-02-21T13:17:06.230+0700","message":"Server has failed graceful shutdown","error":"context deadline exceeded"}
{"log.level":"INFO","@timestamp":"2023-02-21T13:17:06.230+0700","message":"Server has graceful shutdown completely"}
{"log.level":"DEBUG","@timestamp":"2023-02-21T13:17:20.837+0700","message":"Migrate successfully."}
{"log.level":"INFO","@timestamp":"2023-02-21T13:17:20.841+0700","message":"Starting server: place-service with Insecure, and listen at port: 80"}
{"log.level":"INFO","@timestamp":"2023-02-21T13:18:58.435+0700","message":"Server is shuting down"}
{"log.level":"ERROR","@timestamp":"2023-02-21T13:18:58.436+0700","message":"Server has failed graceful shutdown","error":"context deadline exceeded"}
{"log.level":"INFO","@timestamp":"2023-02-21T13:18:58.436+0700","message":"Server has graceful shutdown completely"}
{"log.level":"DEBUG","@timestamp":"2023-02-21T13:22:09.309+0700","message":"Migrate successfully."}
{"log.level":"INFO","@timestamp":"2023-02-21T13:22:09.313+0700","message":"Starting server: place-service with Insecure, and listen at port: 80"}
{"log.level":"INFO","@timestamp":"2023-02-21T13:22:26.656+0700","message":"Server is shuting down"}
{"log.level":"ERROR","@timestamp":"2023-02-21T13:22:26.656+0700","message":"Server has failed graceful shutdown","error":"context deadline exceeded"}
{"log.level":"INFO","@timestamp":"2023-02-21T13:22:26.656+0700","message":"Server has graceful shutdown completely"}
{"log.level":"ERROR","@timestamp":"2023-02-22T10:06:00.452+0700","message":"can not connect database"}
{"log.level":"DEBUG","@timestamp":"2023-02-22T10:06:09.990+0700","message":"Migrate successfully."}
{"log.level":"INFO","@timestamp":"2023-02-22T10:06:09.993+0700","message":"Starting server: place-service with Insecure, and listen at port: 80"}
{"log.level":"INFO","@timestamp":"2023-02-22T10:10:05.734+0700","message":"Server is shuting down"}
{"log.level":"ERROR","@timestamp":"2023-02-22T10:10:05.734+0700","message":"Server has failed graceful shutdown","error":"context deadline exceeded"}
{"log.level":"INFO","@timestamp":"2023-02-22T10:10:05.734+0700","message":"Server has graceful shutdown completely"}
{"log.level":"DEBUG","@timestamp":"2023-02-22T10:10:10.698+0700","message":"Migrate successfully."}
{"log.level":"INFO","@timestamp":"2023-02-22T10:10:10.701+0700","message":"Starting server: place-service with Insecure, and listen at port: 80"}
{"log.level":"INFO","@timestamp":"2023-02-22T10:11:33.544+0700","message":"Server is shuting down"}
{"log.level":"ERROR","@timestamp":"2023-02-22T10:11:33.544+0700","message":"Server has failed graceful shutdown","error":"context deadline exceeded"}
{"log.level":"INFO","@timestamp":"2023-02-22T10:11:33.544+0700","message":"Server has graceful shutdown completely"}
{"log.level":"DEBUG","@timestamp":"2023-02-22T10:11:37.716+0700","message":"Migrate successfully."}
{"log.level":"INFO","@timestamp":"2023-02-22T10:11:37.718+0700","message":"Starting server: place-service with Insecure, and listen at port: 80"}
{"log.level":"INFO","@timestamp":"2023-02-22T10:13:05.051+0700","message":"Server is shuting down"}
{"log.level":"ERROR","@timestamp":"2023-02-22T10:13:05.051+0700","message":"Server has failed graceful shutdown","error":"context deadline exceeded"}
{"log.level":"INFO","@timestamp":"2023-02-22T10:13:05.051+0700","message":"Server has graceful shutdown completely"}
{"log.level":"DEBUG","@timestamp":"2023-02-22T10:13:08.560+0700","message":"Migrate successfully."}
{"log.level":"INFO","@timestamp":"2023-02-22T10:13:08.563+0700","message":"Starting server: place-service with Insecure, and listen at port: 80"}
{"log.level":"INFO","@timestamp":"2023-02-22T10:13:30.992+0700","message":"HandleSearch","request":"","header":"Bearer eyJhbGciOiJIUzI1NiIsInR5cCI6IkpXVCJ9.eyJVc2VySWQiOiI0ZmJjNzc3Yy1hNjJlLTExZWQtOGU0NS1hY2RlNDgwMDExMjIiLCJVc2VyVHlwZSI6IkNVU1RPTUVSIiwiRGV2aWNlSWQiOiIiLCJleHAiOjE2NzcwMzg3NzF9.swB5R5Bbm7TMkMe34n-aN3Yw2V-MhssKOHiw1EfkAR4"}
{"log.level":"INFO","@timestamp":"2023-02-22T10:13:37.712+0700","message":"HandleSearch","request":"","header":"Bearer eyJhbGciOiJIUzI1NiIsInR5cCI6IkpXVCJ9.eyJVc2VySWQiOiI0ZmJjNzc3Yy1hNjJlLTExZWQtOGU0NS1hY2RlNDgwMDExMjIiLCJVc2VyVHlwZSI6IkNVU1RPTUVSIiwiRGV2aWNlSWQiOiIiLCJleHAiOjE2NzcwMzg3NzF9.swB5R5Bbm7TMkMe34n-aN3Yw2V-MhssKOHiw1EfkAR4"}
{"log.level":"INFO","@timestamp":"2023-02-22T10:13:38.282+0700","message":"HandleSearch","request":"","header":"Bearer eyJhbGciOiJIUzI1NiIsInR5cCI6IkpXVCJ9.eyJVc2VySWQiOiI0ZmJjNzc3Yy1hNjJlLTExZWQtOGU0NS1hY2RlNDgwMDExMjIiLCJVc2VyVHlwZSI6IkNVU1RPTUVSIiwiRGV2aWNlSWQiOiIiLCJleHAiOjE2NzcwMzg3NzF9.swB5R5Bbm7TMkMe34n-aN3Yw2V-MhssKOHiw1EfkAR4"}
{"log.level":"INFO","@timestamp":"2023-02-22T10:13:41.350+0700","message":"Server is shuting down"}
{"log.level":"ERROR","@timestamp":"2023-02-22T10:13:41.350+0700","message":"Server has failed graceful shutdown","error":"context deadline exceeded"}
{"log.level":"INFO","@timestamp":"2023-02-22T10:13:41.350+0700","message":"Server has graceful shutdown completely"}
{"log.level":"DEBUG","@timestamp":"2023-02-22T20:49:54.829+0700","message":"Migrate successfully."}
{"log.level":"INFO","@timestamp":"2023-02-22T20:49:54.833+0700","message":"Starting server: place-service with Insecure, and listen at port: 80"}
{"log.level":"INFO","@timestamp":"2023-02-22T20:50:07.350+0700","message":"Server is shuting down"}
{"log.level":"ERROR","@timestamp":"2023-02-22T20:50:07.350+0700","message":"Server has failed graceful shutdown","error":"context deadline exceeded"}
{"log.level":"INFO","@timestamp":"2023-02-22T20:50:07.350+0700","message":"Server has graceful shutdown completely"}
{"log.level":"DEBUG","@timestamp":"2023-02-22T20:50:11.036+0700","message":"Migrate successfully."}
{"log.level":"INFO","@timestamp":"2023-02-22T20:50:11.038+0700","message":"Starting server: place-service with Insecure, and listen at port: 80"}
{"log.level":"INFO","@timestamp":"2023-02-22T20:51:11.966+0700","message":"Server is shuting down"}
{"log.level":"ERROR","@timestamp":"2023-02-22T20:51:11.966+0700","message":"Server has failed graceful shutdown","error":"context deadline exceeded"}
{"log.level":"INFO","@timestamp":"2023-02-22T20:51:11.966+0700","message":"Server has graceful shutdown completely"}
{"log.level":"DEBUG","@timestamp":"2023-02-22T20:51:16.504+0700","message":"Migrate successfully."}
{"log.level":"INFO","@timestamp":"2023-02-22T20:51:16.507+0700","message":"Starting server: place-service with Insecure, and listen at port: 80"}
{"log.level":"INFO","@timestamp":"2023-02-22T20:52:50.068+0700","message":"Server is shuting down"}
{"log.level":"ERROR","@timestamp":"2023-02-22T20:52:50.068+0700","message":"Server has failed graceful shutdown","error":"context deadline exceeded"}
{"log.level":"INFO","@timestamp":"2023-02-22T20:52:50.068+0700","message":"Server has graceful shutdown completely"}
{"log.level":"DEBUG","@timestamp":"2023-02-22T20:52:53.813+0700","message":"Migrate successfully."}
{"log.level":"INFO","@timestamp":"2023-02-22T20:52:53.815+0700","message":"Starting server: place-service with Insecure, and listen at port: 80"}
{"log.level":"INFO","@timestamp":"2023-02-22T20:53:08.956+0700","message":"Server is shuting down"}
{"log.level":"ERROR","@timestamp":"2023-02-22T20:53:08.956+0700","message":"Server has failed graceful shutdown","error":"context deadline exceeded"}
{"log.level":"INFO","@timestamp":"2023-02-22T20:53:08.956+0700","message":"Server has graceful shutdown completely"}
{"log.level":"DEBUG","@timestamp":"2023-02-22T20:58:16.693+0700","message":"Migrate successfully."}
{"log.level":"INFO","@timestamp":"2023-02-22T20:58:16.697+0700","message":"Starting server: place-service with Insecure, and listen at port: 80"}
{"log.level":"INFO","@timestamp":"2023-02-22T20:58:25.196+0700","message":"HandleSearch","request":"","header":"Bearer eyJhbGciOiJIUzI1NiIsInR5cCI6IkpXVCJ9.eyJVc2VySWQiOiI0ZmJjNzc3Yy1hNjJlLTExZWQtOGU0NS1hY2RlNDgwMDExMjIiLCJVc2VyVHlwZSI6IkNVU1RPTUVSIiwiRGV2aWNlSWQiOiIiLCJleHAiOjE2NzcwNzc0MzR9.YdGTbSPFn-iDec-KXwMYl750e5blhDAoeMntUcjNPuc"}
{"log.level":"INFO","@timestamp":"2023-02-22T20:59:21.205+0700","message":"Server is shuting down"}
{"log.level":"ERROR","@timestamp":"2023-02-22T20:59:21.206+0700","message":"Server has failed graceful shutdown","error":"context deadline exceeded"}
{"log.level":"INFO","@timestamp":"2023-02-22T20:59:21.206+0700","message":"Server has graceful shutdown completely"}
{"log.level":"DEBUG","@timestamp":"2023-02-22T20:59:24.996+0700","message":"Migrate successfully."}
{"log.level":"INFO","@timestamp":"2023-02-22T20:59:25.001+0700","message":"Starting server: place-service with Insecure, and listen at port: 80"}
{"log.level":"INFO","@timestamp":"2023-02-22T20:59:49.537+0700","message":"HandleSearch","request":"","header":"Bearer eyJhbGciOiJIUzI1NiIsInR5cCI6IkpXVCJ9.eyJVc2VySWQiOiI0ZmJjNzc3Yy1hNjJlLTExZWQtOGU0NS1hY2RlNDgwMDExMjIiLCJVc2VyVHlwZSI6IkNVU1RPTUVSIiwiRGV2aWNlSWQiOiIiLCJleHAiOjE2NzcwNzc0MzR9.YdGTbSPFn-iDec-KXwMYl750e5blhDAoeMntUcjNPuc"}
{"log.level":"INFO","@timestamp":"2023-02-22T21:00:15.071+0700","message":"HandleSearch","request":"","header":"Bearer eyJhbGciOiJIUzI1NiIsInR5cCI6IkpXVCJ9.eyJVc2VySWQiOiI0ZmJjNzc3Yy1hNjJlLTExZWQtOGU0NS1hY2RlNDgwMDExMjIiLCJVc2VyVHlwZSI6IkNVU1RPTUVSIiwiRGV2aWNlSWQiOiIiLCJleHAiOjE2NzcwNzc0MzR9.YdGTbSPFn-iDec-KXwMYl750e5blhDAoeMntUcjNPuc"}
{"log.level":"INFO","@timestamp":"2023-02-22T21:00:48.940+0700","message":"Server is shuting down"}
{"log.level":"ERROR","@timestamp":"2023-02-22T21:00:48.940+0700","message":"Server has failed graceful shutdown","error":"context deadline exceeded"}
{"log.level":"INFO","@timestamp":"2023-02-22T21:00:48.940+0700","message":"Server has graceful shutdown completely"}
{"log.level":"DEBUG","@timestamp":"2023-02-22T21:00:52.234+0700","message":"Migrate successfully."}
{"log.level":"INFO","@timestamp":"2023-02-22T21:00:52.238+0700","message":"Starting server: place-service with Insecure, and listen at port: 80"}
{"log.level":"INFO","@timestamp":"2023-02-22T21:00:54.985+0700","message":"HandleSearch","request":"","header":"Bearer eyJhbGciOiJIUzI1NiIsInR5cCI6IkpXVCJ9.eyJVc2VySWQiOiI0ZmJjNzc3Yy1hNjJlLTExZWQtOGU0NS1hY2RlNDgwMDExMjIiLCJVc2VyVHlwZSI6IkNVU1RPTUVSIiwiRGV2aWNlSWQiOiIiLCJleHAiOjE2NzcwNzc0MzR9.YdGTbSPFn-iDec-KXwMYl750e5blhDAoeMntUcjNPuc"}
{"log.level":"INFO","@timestamp":"2023-02-22T21:00:57.420+0700","message":"Server is shuting down"}
{"log.level":"ERROR","@timestamp":"2023-02-22T21:00:57.421+0700","message":"Server has failed graceful shutdown","error":"context deadline exceeded"}
{"log.level":"INFO","@timestamp":"2023-02-22T21:00:57.421+0700","message":"Server has graceful shutdown completely"}
{"log.level":"ERROR","@timestamp":"2023-02-23T18:10:45.084+0700","message":"Error auto migrate db"}
{"log.level":"DEBUG","@timestamp":"2023-02-23T18:11:35.156+0700","message":"Migrate successfully."}
{"log.level":"INFO","@timestamp":"2023-02-23T18:11:35.158+0700","message":"Starting server: notify-service with Insecure, and listen at port: 80"}
{"log.level":"INFO","@timestamp":"2023-02-24T10:36:57.390+0700","message":"Server is shuting down"}
{"log.level":"ERROR","@timestamp":"2023-02-24T10:36:57.391+0700","message":"Server has failed graceful shutdown","error":"context deadline exceeded"}
{"log.level":"INFO","@timestamp":"2023-02-24T10:36:57.391+0700","message":"Server has graceful shutdown completely"}
{"log.level":"DEBUG","@timestamp":"2023-02-24T10:37:06.322+0700","message":"Migrate successfully."}
{"log.level":"INFO","@timestamp":"2023-02-24T10:37:06.326+0700","message":"Starting server: notify-service with Insecure, and listen at port: 80"}
{"log.level":"INFO","@timestamp":"2023-02-24T10:49:49.797+0700","message":"Server is shuting down"}
{"log.level":"ERROR","@timestamp":"2023-02-24T10:49:49.799+0700","message":"Server has failed graceful shutdown","error":"context deadline exceeded"}
{"log.level":"INFO","@timestamp":"2023-02-24T10:49:49.799+0700","message":"Server has graceful shutdown completely"}
{"log.level":"DEBUG","@timestamp":"2023-02-25T08:27:00.864+0700","message":"Migrate successfully."}
{"log.level":"INFO","@timestamp":"2023-02-25T08:27:00.867+0700","message":"Starting server: notify-service with Insecure, and listen at port: 80"}
{"log.level":"INFO","@timestamp":"2023-02-25T08:27:43.594+0700","message":"HandleSearch","request":"","header":"Bearer eyJhbGciOiJIUzI1NiIsInR5cCI6IkpXVCJ9.eyJVc2VySWQiOiI0ZmJjNzc3Yy1hNjJlLTExZWQtOGU0NS1hY2RlNDgwMDExMjIiLCJVc2VyVHlwZSI6IkNVU1RPTUVSIiwiRGV2aWNlSWQiOiIiLCJleHAiOjE2NzcyOTIwNDN9.Y4k2N3A878bkADPuUu_FZDFuXWLRvRSpbXEux09g-9g"}
{"log.level":"INFO","@timestamp":"2023-02-25T08:28:05.117+0700","message":"Server is shuting down"}
{"log.level":"INFO","@timestamp":"2023-02-25T08:28:05.117+0700","message":"Server has graceful shutdown completely"}
{"log.level":"ERROR","@timestamp":"2023-02-25T08:28:05.117+0700","message":"Server has failed graceful shutdown","error":"context deadline exceeded"}
{"log.level":"DEBUG","@timestamp":"2023-02-25T08:28:12.103+0700","message":"Migrate successfully."}
{"log.level":"INFO","@timestamp":"2023-02-25T08:28:12.105+0700","message":"Starting server: notify-service with Insecure, and listen at port: 80"}
{"log.level":"INFO","@timestamp":"2023-02-25T08:28:21.289+0700","message":"HandleSearch","request":"","header":"Bearer eyJhbGciOiJIUzI1NiIsInR5cCI6IkpXVCJ9.eyJVc2VySWQiOiI0ZmJjNzc3Yy1hNjJlLTExZWQtOGU0NS1hY2RlNDgwMDExMjIiLCJVc2VyVHlwZSI6IkNVU1RPTUVSIiwiRGV2aWNlSWQiOiIiLCJleHAiOjE2NzcyOTIwNDN9.Y4k2N3A878bkADPuUu_FZDFuXWLRvRSpbXEux09g-9g"}
{"log.level":"INFO","@timestamp":"2023-02-25T08:28:37.087+0700","message":"HandleSearch","request":"{\n  \"is_read\": true\n}","header":"Bearer eyJhbGciOiJIUzI1NiIsInR5cCI6IkpXVCJ9.eyJVc2VySWQiOiI0ZmJjNzc3Yy1hNjJlLTExZWQtOGU0NS1hY2RlNDgwMDExMjIiLCJVc2VyVHlwZSI6IkNVU1RPTUVSIiwiRGV2aWNlSWQiOiIiLCJleHAiOjE2NzcyOTIwNDN9.Y4k2N3A878bkADPuUu_FZDFuXWLRvRSpbXEux09g-9g"}
{"log.level":"INFO","@timestamp":"2023-02-25T08:29:13.697+0700","message":"Server is shuting down"}
{"log.level":"ERROR","@timestamp":"2023-02-25T08:29:13.697+0700","message":"Server has failed graceful shutdown","error":"context deadline exceeded"}
{"log.level":"INFO","@timestamp":"2023-02-25T08:29:13.697+0700","message":"Server has graceful shutdown completely"}
{"log.level":"DEBUG","@timestamp":"2023-02-25T08:29:18.481+0700","message":"Migrate successfully."}
{"log.level":"INFO","@timestamp":"2023-02-25T08:29:18.484+0700","message":"Starting server: notify-service with Insecure, and listen at port: 80"}
{"log.level":"INFO","@timestamp":"2023-02-25T08:29:23.223+0700","message":"HandleSearch","request":"{\n  \"is_read\": true\n}","header":"Bearer eyJhbGciOiJIUzI1NiIsInR5cCI6IkpXVCJ9.eyJVc2VySWQiOiI0ZmJjNzc3Yy1hNjJlLTExZWQtOGU0NS1hY2RlNDgwMDExMjIiLCJVc2VyVHlwZSI6IkNVU1RPTUVSIiwiRGV2aWNlSWQiOiIiLCJleHAiOjE2NzcyOTIwNDN9.Y4k2N3A878bkADPuUu_FZDFuXWLRvRSpbXEux09g-9g"}
{"log.level":"ERROR","@timestamp":"2023-02-25T08:29:23.224+0700","message":"Error update is read","error":"unsupported data type: map[is_read:true]: Table not set, please set it like: db.Model(&user) or db.Table(\"users\")"}
{"log.level":"INFO","@timestamp":"2023-02-25T08:29:48.313+0700","message":"Server is shuting down"}
{"log.level":"ERROR","@timestamp":"2023-02-25T08:29:48.313+0700","message":"Server has failed graceful shutdown","error":"context deadline exceeded"}
{"log.level":"INFO","@timestamp":"2023-02-25T08:29:48.313+0700","message":"Server has graceful shutdown completely"}
{"log.level":"DEBUG","@timestamp":"2023-02-25T08:29:51.858+0700","message":"Migrate successfully."}
{"log.level":"INFO","@timestamp":"2023-02-25T08:29:51.861+0700","message":"Starting server: notify-service with Insecure, and listen at port: 80"}
{"log.level":"INFO","@timestamp":"2023-02-25T08:30:07.261+0700","message":"Server is shuting down"}
{"log.level":"ERROR","@timestamp":"2023-02-25T08:30:07.261+0700","message":"Server has failed graceful shutdown","error":"context deadline exceeded"}
{"log.level":"INFO","@timestamp":"2023-02-25T08:30:07.261+0700","message":"Server has graceful shutdown completely"}
{"log.level":"DEBUG","@timestamp":"2023-02-25T08:30:11.833+0700","message":"Migrate successfully."}
{"log.level":"INFO","@timestamp":"2023-02-25T08:30:11.837+0700","message":"Starting server: notify-service with Insecure, and listen at port: 80"}
{"log.level":"INFO","@timestamp":"2023-02-25T08:30:13.922+0700","message":"HandleSearch","request":"{\n  \"is_read\": true\n}","header":"Bearer eyJhbGciOiJIUzI1NiIsInR5cCI6IkpXVCJ9.eyJVc2VySWQiOiI0ZmJjNzc3Yy1hNjJlLTExZWQtOGU0NS1hY2RlNDgwMDExMjIiLCJVc2VyVHlwZSI6IkNVU1RPTUVSIiwiRGV2aWNlSWQiOiIiLCJleHAiOjE2NzcyOTIwNDN9.Y4k2N3A878bkADPuUu_FZDFuXWLRvRSpbXEux09g-9g"}
{"log.level":"INFO","@timestamp":"2023-02-25T08:30:17.132+0700","message":"HandleSearch","request":"","header":"Bearer eyJhbGciOiJIUzI1NiIsInR5cCI6IkpXVCJ9.eyJVc2VySWQiOiI0ZmJjNzc3Yy1hNjJlLTExZWQtOGU0NS1hY2RlNDgwMDExMjIiLCJVc2VyVHlwZSI6IkNVU1RPTUVSIiwiRGV2aWNlSWQiOiIiLCJleHAiOjE2NzcyOTIwNDN9.Y4k2N3A878bkADPuUu_FZDFuXWLRvRSpbXEux09g-9g"}
{"log.level":"INFO","@timestamp":"2023-02-25T08:30:21.568+0700","message":"Server is shuting down"}
{"log.level":"ERROR","@timestamp":"2023-02-25T08:30:21.568+0700","message":"Server has failed graceful shutdown","error":"context deadline exceeded"}
{"log.level":"INFO","@timestamp":"2023-02-25T08:30:21.568+0700","message":"Server has graceful shutdown completely"}
{"log.level":"DEBUG","@timestamp":"2023-02-25T23:51:22.896+0700","message":"Migrate successfully."}
{"log.level":"INFO","@timestamp":"2023-02-25T23:51:22.899+0700","message":"Starting server: notify-service with Insecure, and listen at port: 80"}
{"log.level":"INFO","@timestamp":"2023-02-25T23:51:33.973+0700","message":"HandleSearch","request":"","header":"Bearer eyJhbGciOiJIUzI1NiIsInR5cCI6IkpXVCJ9.eyJVc2VySWQiOiI0ZmJjNzc3Yy1hNjJlLTExZWQtOGU0NS1hY2RlNDgwMDExMjIiLCJVc2VyVHlwZSI6IkNVU1RPTUVSIiwiRGV2aWNlSWQiOiIiLCJleHAiOjE2NzczNDczODl9.-cuiBfOfZnQMApf66bIlj4M3wuoSpMpwukRYRVjvAng"}
{"log.level":"INFO","@timestamp":"2023-02-25T23:51:44.931+0700","message":"Server is shuting down"}
{"log.level":"ERROR","@timestamp":"2023-02-25T23:51:44.931+0700","message":"Server has failed graceful shutdown","error":"context deadline exceeded"}
{"log.level":"DEBUG","@timestamp":"2023-02-25T23:51:48.568+0700","message":"Migrate successfully."}
{"log.level":"INFO","@timestamp":"2023-02-25T23:51:48.570+0700","message":"Starting server: notify-service with Insecure, and listen at port: 80"}
{"log.level":"INFO","@timestamp":"2023-02-25T23:51:51.304+0700","message":"HandleSearch","request":"","header":"Bearer eyJhbGciOiJIUzI1NiIsInR5cCI6IkpXVCJ9.eyJVc2VySWQiOiI0ZmJjNzc3Yy1hNjJlLTExZWQtOGU0NS1hY2RlNDgwMDExMjIiLCJVc2VyVHlwZSI6IkNVU1RPTUVSIiwiRGV2aWNlSWQiOiIiLCJleHAiOjE2NzczNDczODl9.-cuiBfOfZnQMApf66bIlj4M3wuoSpMpwukRYRVjvAng"}
{"log.level":"INFO","@timestamp":"2023-02-25T23:51:53.949+0700","message":"Server is shuting down"}
{"log.level":"ERROR","@timestamp":"2023-02-25T23:51:53.949+0700","message":"Server has failed graceful shutdown","error":"context deadline exceeded"}
{"log.level":"INFO","@timestamp":"2023-02-25T23:51:53.949+0700","message":"Server has graceful shutdown completely"}
